Flutter crash report.
Please report a bug at https://github.com/flutter/flutter/issues.

## command

flutter run

## exception

RPCError: _createDevFS: (-32603) Internal error
_createDevFS: Unexpected exception:PathNotFoundException: Creation of temporary directory failed, path = '/Users/mackenziecerenio/Library/Containers/com.example.easthardwarePms/Data/tmp' (OS Error: No such file or directory, errno = 2)
#0      _checkForErrorResponse (dart:io/common.dart:55:9)
#1      _Directory.createTemp.<anonymous closure> (dart:io/directory_impl.dart:147:7)
<asynchronous suspension>
#2      createTempDirCallback (dart:vmservice_io:204:16)
<asynchronous suspension>
#3      DevFS._createDevFS (dart:_vmservice/devfs.dart:182:21)
<asynchronous suspension>
#4      VMService._routeRequestImpl (dart:_vmservice:811:16)
<asynchronous suspension>
#5      VMService.routeRequest (dart:_vmservice:774:22)
<asynchronous suspension>
#6      WebSocketClient.post (dart:vmservice_io/vmservice_server.dart:64:3)
<asynchronous suspension>


```
#0      new _OutstandingRequest (package:vm_service/src/vm_service.dart:261:34)
#1      VmService._call.<anonymous closure> (package:vm_service/src/vm_service.dart:1778:25)
#2      VmService._call (package:vm_service/src/vm_service.dart:1790:8)
#3      VmService.callServiceExtension (package:vm_service/src/vm_service.dart:1729:14)
#4      FlutterVmService.createDevFS (package:flutter_tools/src/vmservice.dart:1049:20)
#5      DevFS.create (package:flutter_tools/src/devfs.dart:516:61)
#6      FlutterDevice.setupDevFS (package:flutter_tools/src/resident_runner.dart:396:19)
#7      HotRunner._initDevFS (package:flutter_tools/src/run_hot.dart:482:23)
#8      HotRunner.attach (package:flutter_tools/src/run_hot.dart:272:41)
<asynchronous suspension>
#9      RunCommand.runCommand (package:flutter_tools/src/commands/run.dart:867:27)
<asynchronous suspension>
#10     FlutterCommand.run.<anonymous closure> (package:flutter_tools/src/runner/flutter_command.dart:1408:27)
<asynchronous suspension>
#11     AppContext.run.<anonymous closure> (package:flutter_tools/src/base/context.dart:153:19)
<asynchronous suspension>
#12     CommandRunner.runCommand (package:args/command_runner.dart:212:13)
<asynchronous suspension>
#13     FlutterCommandRunner.runCommand.<anonymous closure> (package:flutter_tools/src/runner/flutter_command_runner.dart:420:9)
<asynchronous suspension>
#14     AppContext.run.<anonymous closure> (package:flutter_tools/src/base/context.dart:153:19)
<asynchronous suspension>
#15     FlutterCommandRunner.runCommand (package:flutter_tools/src/runner/flutter_command_runner.dart:364:5)
<asynchronous suspension>
#16     run.<anonymous closure>.<anonymous closure> (package:flutter_tools/runner.dart:130:9)
<asynchronous suspension>
#17     AppContext.run.<anonymous closure> (package:flutter_tools/src/base/context.dart:153:19)
<asynchronous suspension>
#18     main (package:flutter_tools/executable.dart:93:3)
<asynchronous suspension>
```

## flutter doctor

```
[32m[✓][39m Flutter (Channel stable, 3.24.3, on macOS 14.5 23F79
    darwin-arm64, locale en-PH)
    [32m•[39m Flutter version 3.24.3 on channel stable at
      /Users/mackenziecerenio/fvm/versions/3.24.3
    [32m•[39m Upstream repository https://github.com/flutter/flutter.git
    [32m•[39m Framework revision 2663184aa7 (9 months ago), 2024-09-11
      16:27:48 -0500
    [32m•[39m Engine revision 36335019a8
    [32m•[39m Dart version 3.5.3
    [32m•[39m DevTools version 2.37.3

[32m[✓][39m Android toolchain - develop for Android devices (Android SDK
    version 34.0.0)
    [32m•[39m Android SDK at /Users/mackenziecerenio/Library/Android/sdk
    [32m•[39m Platform android-34, build-tools 34.0.0
    [32m•[39m Java binary at: /Applications/Android
      Studio.app/Contents/jbr/Contents/Home/bin/java
    [32m•[39m Java version OpenJDK Runtime Environment (build
      17.0.11+0-17.0.11b1207.24-11852314)
    [32m•[39m All Android licenses accepted.

[33m[!][39m Xcode - develop for iOS and macOS (Xcode 16.2)
    [32m•[39m Xcode at /Applications/Xcode.app/Contents/Developer
    [32m•[39m Build 16C5032a
    [31m✗[39m Unable to get list of installed Simulator runtimes.
    [32m•[39m CocoaPods version 1.16.2

[32m[✓][39m Chrome - develop for the web
    [32m•[39m Chrome at /Applications/Google
      Chrome.app/Contents/MacOS/Google Chrome

[32m[✓][39m Android Studio (version 2024.1)
    [32m•[39m Android Studio at /Applications/Android Studio.app/Contents
    [32m•[39m Flutter plugin can be installed from:
      🔨 https://plugins.jetbrains.com/plugin/9212-flutter
    [32m•[39m Dart plugin can be installed from:
      🔨 https://plugins.jetbrains.com/plugin/6351-dart
    [32m•[39m Java version OpenJDK Runtime Environment (build
      17.0.11+0-17.0.11b1207.24-11852314)

[32m[✓][39m VS Code (version 1.100.2)
    [32m•[39m VS Code at /Applications/Visual Studio Code.app/Contents
    [32m•[39m Flutter extension version 3.110.0

[32m[✓][39m Connected device (3 available)
    [32m•[39m macOS (desktop)                 • macos                 •
      darwin-arm64   • macOS 14.5 23F79 darwin-arm64
    [32m•[39m Mac Designed for iPad (desktop) • mac-designed-for-ipad •
      darwin         • macOS 14.5 23F79 darwin-arm64
    [32m•[39m Chrome (web)                    • chrome                •
      web-javascript • Google Chrome 136.0.7103.114

[32m[✓][39m Network resources
    [32m•[39m All expected network resources are available.

[33m![39m Doctor found issues in 1 category.
```
